mode: set
github.com/SardorMS/search/pkg/search/search.go:24.78,30.34 4 1
github.com/SardorMS/search/pkg/search/search.go:63.2,63.12 1 1
github.com/SardorMS/search/pkg/search/search.go:68.2,69.11 2 1
github.com/SardorMS/search/pkg/search/search.go:30.34,33.65 2 1
github.com/SardorMS/search/pkg/search/search.go:33.65,38.18 4 1
github.com/SardorMS/search/pkg/search/search.go:42.4,45.39 3 1
github.com/SardorMS/search/pkg/search/search.go:57.4,57.24 1 1
github.com/SardorMS/search/pkg/search/search.go:38.18,40.5 1 1
github.com/SardorMS/search/pkg/search/search.go:45.39,46.39 1 1
github.com/SardorMS/search/pkg/search/search.go:46.39,54.6 2 1
github.com/SardorMS/search/pkg/search/search.go:57.24,59.5 1 1
github.com/SardorMS/search/pkg/search/search.go:63.12,66.3 2 1
github.com/SardorMS/search/pkg/search/search.go:72.78,78.34 4 1
github.com/SardorMS/search/pkg/search/search.go:114.2,114.12 1 1
github.com/SardorMS/search/pkg/search/search.go:120.2,120.11 1 1
github.com/SardorMS/search/pkg/search/search.go:78.34,81.65 2 1
github.com/SardorMS/search/pkg/search/search.go:81.65,86.18 4 1
github.com/SardorMS/search/pkg/search/search.go:90.4,93.39 3 1
github.com/SardorMS/search/pkg/search/search.go:86.18,88.5 1 1
github.com/SardorMS/search/pkg/search/search.go:93.39,94.12 1 1
github.com/SardorMS/search/pkg/search/search.go:95.23,96.12 1 1
github.com/SardorMS/search/pkg/search/search.go:97.13,98.40 1 1
github.com/SardorMS/search/pkg/search/search.go:98.40,108.7 4 1
github.com/SardorMS/search/pkg/search/search.go:114.12,118.3 3 1
